<?xml version="1.0" encoding="UTF-8"?>
<!-- Generated by org.testng.reporters.JUnitReportReporter -->
<testsuite hostname="JAINRAH" name="com.qc.panda.test.PandaIORTest" tests="1" failures="0" timestamp="18 Aug 2016 07:22:37 GMT" time="14.324" errors="0">
  <testcase name="test_Home_Page_Appear_Correct" time="14.324" classname="com.qc.panda.test.PandaIORTest"/>
</testsuite> <!-- com.qc.panda.test.PandaIORTest -->
